<?xml version="1.0" encoding="UTF-8"?>
<testsuite name="API 컨트롤러 테스트" tests="5" skipped="0" failures="0" errors="0" timestamp="2023-09-21T11:58:57" hostname="bag-yunchan-ui-MacBookAir.local" time="1.094">
  <properties/>
  <testcase name="[API][GET] 회원별 적립금 합계 조회 - 성공" classname="com.marketboro.Premission.apicontroller.ApiControllerTest" time="0.39"/>
  <testcase name="[API][POST] 회원별 적립금 사용 취소 - 성공" classname="com.marketboro.Premission.apicontroller.ApiControllerTest" time="0.143"/>
  <testcase name="[API][GET] 회원별 적립금/사용 내역 조회[페이징] - 성공" classname="com.marketboro.Premission.apicontroller.ApiControllerTest" time="0.11"/>
  <testcase name="[API][POST] 회원별 적립금 사용 - 성공" classname="com.marketboro.Premission.apicontroller.ApiControllerTest" time="0.265"/>
  <testcase name="[API][POST] 회원별 적립금 적립 - 성공" classname="com.marketboro.Premission.apicontroller.ApiControllerTest" time="0.156"/>
  <system-out><![CDATA[20:58:53.546 [Test worker] INFO org.springframework.test.context.support.AnnotationConfigContextLoaderUtils -- Could not detect default configuration classes for test class [com.marketboro.Premission.apicontroller.ApiControllerTest]: ApiControllerTest does not declare any static, non-private, non-final, nested classes annotated with @Configuration.
20:58:53.629 [Test worker] INFO org.springframework.boot.test.context.SpringBootTestContextBootstrapper -- Found @SpringBootConfiguration com.marketboro.Premission.PremissionApplication for test class com.marketboro.Premission.apicontroller.ApiControllerTest

  .   ____          _            __ _ _
 /\\ / ___'_ __ _ _(_)_ __  __ _ \ \ \ \
( ( )\___ | '_ | '_| | '_ \/ _` | \ \ \ \
 \\/  ___)| |_)| | | | | || (_| |  ) ) ) )
  '  |____| .__|_| |_|_| |_\__, | / / / /
 =========|_|==============|___/=/_/_/_/
 :: Spring Boot ::                (v3.1.3)

2023-09-21T20:58:54.715+09:00  INFO 98533 --- [    Test worker] c.m.P.apicontroller.ApiControllerTest    : Starting ApiControllerTest using Java 19.0.2 with PID 98533 (started by bag-yunchan in /Users/bag-yunchan/Desktop/marketboro/marketboro-mission)
2023-09-21T20:58:54.717+09:00  INFO 98533 --- [    Test worker] c.m.P.apicontroller.ApiControllerTest    : No active profile set, falling back to 1 default profile: "default"
2023-09-21T20:58:55.150+09:00  INFO 98533 --- [    Test worker] .s.d.r.c.RepositoryConfigurationDelegate : Bootstrapping Spring Data JPA repositories in DEFAULT mode.
2023-09-21T20:58:55.211+09:00  INFO 98533 --- [    Test worker] .s.d.r.c.RepositoryConfigurationDelegate : Finished Spring Data repository scanning in 56 ms. Found 2 JPA repository interfaces.
2023-09-21T20:58:55.640+09:00  INFO 98533 --- [    Test worker] o.s.b.w.embedded.tomcat.TomcatWebServer  : Tomcat initialized with port(s): 0 (http)
2023-09-21T20:58:55.647+09:00  INFO 98533 --- [    Test worker] o.apache.catalina.core.StandardService   : Starting service [Tomcat]
2023-09-21T20:58:55.647+09:00  INFO 98533 --- [    Test worker] o.apache.catalina.core.StandardEngine    : Starting Servlet engine: [Apache Tomcat/10.1.12]
2023-09-21T20:58:55.719+09:00  INFO 98533 --- [    Test worker] o.a.c.c.C.[Tomcat].[localhost].[/]       : Initializing Spring embedded WebApplicationContext
2023-09-21T20:58:55.719+09:00  INFO 98533 --- [    Test worker] w.s.c.ServletWebServerApplicationContext : Root WebApplicationContext: initialization completed in 990 ms
2023-09-21T20:58:55.831+09:00  INFO 98533 --- [    Test worker] o.hibernate.jpa.internal.util.LogHelper  : HHH000204: Processing PersistenceUnitInfo [name: default]
2023-09-21T20:58:55.867+09:00  INFO 98533 --- [    Test worker] org.hibernate.Version                    : HHH000412: Hibernate ORM core version 6.2.7.Final
2023-09-21T20:58:55.868+09:00  INFO 98533 --- [    Test worker] org.hibernate.cfg.Environment            : HHH000406: Using bytecode reflection optimizer
2023-09-21T20:58:55.973+09:00  INFO 98533 --- [    Test worker] o.h.b.i.BytecodeProviderInitiator        : HHH000021: Bytecode provider name : bytebuddy
2023-09-21T20:58:55.979+09:00  INFO 98533 --- [    Test worker] o.s.o.j.p.SpringPersistenceUnitInfo      : No LoadTimeWeaver setup: ignoring JPA class transformer
2023-09-21T20:58:55.989+09:00  INFO 98533 --- [    Test worker] com.zaxxer.hikari.HikariDataSource       : HikariPool-1 - Starting...
2023-09-21T20:58:56.312+09:00  INFO 98533 --- [    Test worker] com.zaxxer.hikari.pool.HikariPool        : HikariPool-1 - Added connection com.mysql.cj.jdbc.ConnectionImpl@5dac6bc3
2023-09-21T20:58:56.313+09:00  INFO 98533 --- [    Test worker] com.zaxxer.hikari.HikariDataSource       : HikariPool-1 - Start completed.
2023-09-21T20:58:56.494+09:00  INFO 98533 --- [    Test worker] o.h.b.i.BytecodeProviderInitiator        : HHH000021: Bytecode provider name : bytebuddy
2023-09-21T20:58:56.824+09:00  INFO 98533 --- [    Test worker] o.h.e.t.j.p.i.JtaPlatformInitiator       : HHH000490: Using JtaPlatform implementation: [org.hibernate.engine.transaction.jta.platform.internal.NoJtaPlatform]
Hibernate: 
    alter table histories 
       modify column created_at  TIMESTAMP null
Hibernate: 
    alter table histories 
       modify column history_date  datetime(6)
Hibernate: 
    alter table histories 
       modify column updated_at  TIMESTAMP null
2023-09-21T20:58:56.994+09:00  INFO 98533 --- [    Test worker] j.LocalContainerEntityManagerFactoryBean : Initialized JPA EntityManagerFactory for persistence unit 'default'
2023-09-21T20:58:57.365+09:00  WARN 98533 --- [    Test worker] JpaBaseConfiguration$JpaWebConfiguration : spring.jpa.open-in-view is enabled by default. Therefore, database queries may be performed during view rendering. Explicitly configure spring.jpa.open-in-view to disable this warning
2023-09-21T20:58:57.466+09:00  INFO 98533 --- [    Test worker] o.s.b.a.w.s.WelcomePageHandlerMapping    : Adding welcome page: class path resource [static/index.html]
2023-09-21T20:58:57.598+09:00  INFO 98533 --- [    Test worker] o.a.c.c.C.[Tomcat].[localhost].[/]       : Initializing Spring TestDispatcherServlet ''
2023-09-21T20:58:57.598+09:00  INFO 98533 --- [    Test worker] o.s.t.web.servlet.TestDispatcherServlet  : Initializing Servlet ''
2023-09-21T20:58:57.599+09:00  INFO 98533 --- [    Test worker] o.s.t.web.servlet.TestDispatcherServlet  : Completed initialization in 1 ms
2023-09-21T20:58:57.638+09:00  INFO 98533 --- [    Test worker] o.s.b.w.embedded.tomcat.TomcatWebServer  : Tomcat started on port(s): 62334 (http) with context path ''
2023-09-21T20:58:57.640+09:00  INFO 98533 --- [    Test worker] o.s.a.r.c.CachingConnectionFactory       : Attempting to connect to: [13.125.227.54:5672]
2023-09-21T20:58:57.701+09:00  INFO 98533 --- [    Test worker] o.s.a.r.c.CachingConnectionFactory       : Created new connection: rabbitConnectionFactory#3bbab2c9:0/SimpleConnection@5d3b0f8a [delegate=amqp://guest@13.125.227.54:5672/, localPort=62335]
2023-09-21T20:58:57.831+09:00  INFO 98533 --- [    Test worker] c.m.P.apicontroller.ApiControllerTest    : Started ApiControllerTest in 3.329 seconds (process running for 4.905)
2023-09-21T20:58:57.869+09:00  INFO 98533 --- [    Test worker] o.a.c.c.C.[Tomcat].[localhost].[/]       : Initializing Spring TestDispatcherServlet ''
2023-09-21T20:58:57.869+09:00  INFO 98533 --- [    Test worker] o.s.t.web.servlet.TestDispatcherServlet  : Initializing Servlet ''
2023-09-21T20:58:57.869+09:00  INFO 98533 --- [    Test worker] o.s.t.web.servlet.TestDispatcherServlet  : Completed initialization in 0 ms
Hibernate: 
    select
        m1_0.member_id,
        m1_0.member_name,
        m1_0.reward_points,
        h1_0.member_id,
        h1_0.history_id,
        h1_0.created_at,
        h1_0.deduct_point_no,
        h1_0.history_date,
        h1_0.points,
        h1_0.type,
        h1_0.updated_at 
    from
        members m1_0 
    left join
        histories h1_0 
            on m1_0.member_id=h1_0.member_id 
    where
        m1_0.member_id=?
Hibernate: 
    select
        h1_0.history_id,
        h1_0.created_at,
        h1_0.deduct_point_no,
        h1_0.history_date,
        m1_0.member_id,
        m1_0.member_name,
        m1_0.reward_points,
        h1_0.points,
        h1_0.type,
        h1_0.updated_at 
    from
        histories h1_0 
    left join
        members m1_0 
            on m1_0.member_id=h1_0.member_id 
    where
        h1_0.history_id=?
Hibernate: 
    insert 
    into
        histories
        (created_at,deduct_point_no,history_date,member_id,points,type,updated_at) 
    values
        (?,?,?,?,?,?,?)
Hibernate: 
    update
        members 
    set
        member_name=?,
        reward_points=? 
    where
        member_id=?
Hibernate: 
    select
        m1_0.member_id,
        m1_0.member_name,
        m1_0.reward_points 
    from
        members m1_0 
    where
        m1_0.member_id=?

MockHttpServletRequest:
      HTTP Method = GET
      Request URI = /api/v1/1/points
       Parameters = {}
          Headers = [Content-Type:"application/json", X-MEMBER-ID:"12345"]
             Body = <no character encoding set>
    Session Attrs = {}

Handler:
             Type = com.marketboro.Premission.controller.MemberController
           Method = com.marketboro.Premission.controller.MemberController#getPoints(String, Long)

Async:
    Async started = false
     Async result = null

Resolved Exception:
             Type = null

ModelAndView:
        View name = null
             View = null
            Model = null

FlashMap:
       Attributes = null

MockHttpServletResponse:
           Status = 200
    Error message = null
          Headers = [Content-Type:"application/json"]
     Content type = application/json
             Body = {"code":"0000","message":"Success","data":{"points":10000}}
    Forwarded URL = null
   Redirected URL = null
          Cookies = []
2023-09-21T20:58:58.244+09:00  INFO 98533 --- [    Test worker] o.a.c.c.C.[Tomcat].[localhost].[/]       : Initializing Spring TestDispatcherServlet ''
2023-09-21T20:58:58.245+09:00  INFO 98533 --- [    Test worker] o.s.t.web.servlet.TestDispatcherServlet  : Initializing Servlet ''
2023-09-21T20:58:58.245+09:00  INFO 98533 --- [    Test worker] o.s.t.web.servlet.TestDispatcherServlet  : Completed initialization in 0 ms
Hibernate: 
    select
        m1_0.member_id,
        m1_0.member_name,
        m1_0.reward_points,
        h1_0.member_id,
        h1_0.history_id,
        h1_0.created_at,
        h1_0.deduct_point_no,
        h1_0.history_date,
        h1_0.points,
        h1_0.type,
        h1_0.updated_at 
    from
        members m1_0 
    left join
        histories h1_0 
            on m1_0.member_id=h1_0.member_id 
    where
        m1_0.member_id=?
Hibernate: 
    select
        h1_0.history_id,
        h1_0.created_at,
        h1_0.deduct_point_no,
        h1_0.history_date,
        m1_0.member_id,
        m1_0.member_name,
        m1_0.reward_points,
        h1_0.points,
        h1_0.type,
        h1_0.updated_at 
    from
        histories h1_0 
    left join
        members m1_0 
            on m1_0.member_id=h1_0.member_id 
    where
        h1_0.history_id=?
Hibernate: 
    insert 
    into
        histories
        (created_at,deduct_point_no,history_date,member_id,points,type,updated_at) 
    values
        (?,?,?,?,?,?,?)
Hibernate: 
    select
        m1_0.member_id,
        m1_0.member_name,
        m1_0.reward_points 
    from
        members m1_0 
    where
        m1_0.member_id=?
Hibernate: 
    select
        h1_0.history_id,
        h1_0.created_at,
        h1_0.deduct_point_no,
        h1_0.history_date,
        h1_0.member_id,
        h1_0.points,
        h1_0.type,
        h1_0.updated_at 
    from
        histories h1_0 
    where
        h1_0.member_id=? 
        and h1_0.type=? 
        and h1_0.deduct_point_no=?

MockHttpServletRequest:
      HTTP Method = POST
      Request URI = /api/v1/1/cancel
       Parameters = {pointsToCancel=[100], deductPointNo=[1]}
          Headers = [Content-Type:"application/json", X-MEMBER-ID:"12345", Content-Length:"14"]
             Body = <no character encoding set>
    Session Attrs = {}

Handler:
             Type = com.marketboro.Premission.controller.MemberController
           Method = com.marketboro.Premission.controller.MemberController#cancelPoints(String, Long, int, int)

Async:
    Async started = false
     Async result = null

Resolved Exception:
             Type = null

ModelAndView:
        View name = null
             View = null
            Model = null

FlashMap:
       Attributes = null

MockHttpServletResponse:
           Status = 200
    Error message = null
          Headers = [Content-Type:"application/json"]
     Content type = application/json
             Body = {"code":"0000","message":"Success","data":{"pointCanceled":100,"deductPointNo":1}}
    Forwarded URL = null
   Redirected URL = null
          Cookies = []
2023-09-21T20:58:58.393+09:00  INFO 98533 --- [    Test worker] o.a.c.c.C.[Tomcat].[localhost].[/]       : Initializing Spring TestDispatcherServlet ''
2023-09-21T20:58:58.393+09:00  INFO 98533 --- [    Test worker] o.s.t.web.servlet.TestDispatcherServlet  : Initializing Servlet ''
2023-09-21T20:58:58.394+09:00  INFO 98533 --- [    Test worker] o.s.t.web.servlet.TestDispatcherServlet  : Completed initialization in 1 ms
Hibernate: 
    select
        m1_0.member_id,
        m1_0.member_name,
        m1_0.reward_points,
        h1_0.member_id,
        h1_0.history_id,
        h1_0.created_at,
        h1_0.deduct_point_no,
        h1_0.history_date,
        h1_0.points,
        h1_0.type,
        h1_0.updated_at 
    from
        members m1_0 
    left join
        histories h1_0 
            on m1_0.member_id=h1_0.member_id 
    where
        m1_0.member_id=?
Hibernate: 
    select
        h1_0.history_id,
        h1_0.created_at,
        h1_0.deduct_point_no,
        h1_0.history_date,
        m1_0.member_id,
        m1_0.member_name,
        m1_0.reward_points,
        h1_0.points,
        h1_0.type,
        h1_0.updated_at 
    from
        histories h1_0 
    left join
        members m1_0 
            on m1_0.member_id=h1_0.member_id 
    where
        h1_0.history_id=?
Hibernate: 
    insert 
    into
        histories
        (created_at,deduct_point_no,history_date,member_id,points,type,updated_at) 
    values
        (?,?,?,?,?,?,?)
Hibernate: 
    update
        members 
    set
        member_name=?,
        reward_points=? 
    where
        member_id=?
Hibernate: 
    select
        m1_0.member_id,
        m1_0.member_name,
        m1_0.reward_points 
    from
        members m1_0 
    where
        m1_0.member_id=?
Hibernate: 
    select
        h1_0.history_id,
        h1_0.created_at,
        h1_0.deduct_point_no,
        h1_0.history_date,
        h1_0.member_id,
        h1_0.points,
        h1_0.type,
        h1_0.updated_at 
    from
        histories h1_0 
    where
        h1_0.member_id=? 
    order by
        h1_0.history_date desc limit ?,
        ?

MockHttpServletRequest:
      HTTP Method = GET
      Request URI = /api/v1/1/point-history
       Parameters = {}
          Headers = [Content-Type:"application/json", X-MEMBER-ID:"12345"]
             Body = <no character encoding set>
    Session Attrs = {}

Handler:
             Type = com.marketboro.Premission.controller.MemberController
           Method = com.marketboro.Premission.controller.MemberController#getPagedPointHistoryByMemberId(String, Long, Pageable)

Async:
    Async started = false
     Async result = null

Resolved Exception:
             Type = null

ModelAndView:
        View name = null
             View = null
            Model = null

FlashMap:
       Attributes = null

MockHttpServletResponse:
           Status = 200
    Error message = null
          Headers = [Content-Type:"application/json"]
     Content type = application/json
             Body = {"code":"0000","message":"Success","data":{"history":[{"historyId":29,"points":1000,"type":"적립","createdAt":"2023-09-21T20:58:58.40387","updatedAt":"2023-09-21T20:58:58.403879"}]}}
    Forwarded URL = null
   Redirected URL = null
          Cookies = []
2023-09-21T20:58:58.507+09:00  INFO 98533 --- [    Test worker] o.a.c.c.C.[Tomcat].[localhost].[/]       : Initializing Spring TestDispatcherServlet ''
2023-09-21T20:58:58.507+09:00  INFO 98533 --- [    Test worker] o.s.t.web.servlet.TestDispatcherServlet  : Initializing Servlet ''
2023-09-21T20:58:58.507+09:00  INFO 98533 --- [    Test worker] o.s.t.web.servlet.TestDispatcherServlet  : Completed initialization in 0 ms
Hibernate: 
    select
        m1_0.member_id,
        m1_0.member_name,
        m1_0.reward_points,
        h1_0.member_id,
        h1_0.history_id,
        h1_0.created_at,
        h1_0.deduct_point_no,
        h1_0.history_date,
        h1_0.points,
        h1_0.type,
        h1_0.updated_at 
    from
        members m1_0 
    left join
        histories h1_0 
            on m1_0.member_id=h1_0.member_id 
    where
        m1_0.member_id=?
Hibernate: 
    select
        h1_0.history_id,
        h1_0.created_at,
        h1_0.deduct_point_no,
        h1_0.history_date,
        m1_0.member_id,
        m1_0.member_name,
        m1_0.reward_points,
        h1_0.points,
        h1_0.type,
        h1_0.updated_at 
    from
        histories h1_0 
    left join
        members m1_0 
            on m1_0.member_id=h1_0.member_id 
    where
        h1_0.history_id=?
Hibernate: 
    insert 
    into
        histories
        (created_at,deduct_point_no,history_date,member_id,points,type,updated_at) 
    values
        (?,?,?,?,?,?,?)
Hibernate: 
    select
        m1_0.member_id,
        m1_0.member_name,
        m1_0.reward_points 
    from
        members m1_0 
    where
        m1_0.member_id=?
Hibernate: 
    select
        h1_0.history_id,
        h1_0.created_at,
        h1_0.deduct_point_no,
        h1_0.history_date,
        h1_0.member_id,
        h1_0.points,
        h1_0.type,
        h1_0.updated_at 
    from
        histories h1_0 
    where
        h1_0.member_id=?
Sent message to useQueue: 112345100
Received message from useQueue: 112345100

MockHttpServletRequest:
      HTTP Method = POST
      Request URI = /api/v1/1/use
       Parameters = {pointsToUse=[100]}
          Headers = [Content-Type:"application/json", X-MEMBER-ID:"12345", Content-Length:"14"]
             Body = <no character encoding set>
    Session Attrs = {}

Handler:
             Type = com.marketboro.Premission.controller.MemberController
           Method = com.marketboro.Premission.controller.MemberController#usePoints(String, Long, int)

Async:
    Async started = false
     Async result = null

Resolved Exception:
             Type = null

ModelAndView:
        View name = null
             View = null
            Model = null

FlashMap:
       Attributes = null

MockHttpServletResponse:
           Status = 200
    Error message = null
          Headers = [Content-Type:"application/json"]
     Content type = application/json
             Body = {"code":"0000","message":"Success","data":{"pointsUsed":100,"deductPointNo":0}}
    Forwarded URL = null
   Redirected URL = null
          Cookies = []
Hibernate: 
    select
        m1_0.member_id,
        m1_0.member_name,
        m1_0.reward_points 
    from
        members m1_0 
    where
        m1_0.member_id=?
2023-09-21T20:58:58.797+09:00  INFO 98533 --- [    Test worker] o.a.c.c.C.[Tomcat].[localhost].[/]       : Initializing Spring TestDispatcherServlet ''
2023-09-21T20:58:58.798+09:00  INFO 98533 --- [    Test worker] o.s.t.web.servlet.TestDispatcherServlet  : Initializing Servlet ''
2023-09-21T20:58:58.799+09:00  INFO 98533 --- [    Test worker] o.s.t.web.servlet.TestDispatcherServlet  : Completed initialization in 1 ms
Hibernate: 
    select
        m1_0.member_id,
        m1_0.member_name,
        m1_0.reward_points,
        h1_0.member_id,
        h1_0.history_id,
        h1_0.created_at,
        h1_0.deduct_point_no,
        h1_0.history_date,
        h1_0.points,
        h1_0.type,
        h1_0.updated_at 
    from
        members m1_0 
    left join
        histories h1_0 
            on m1_0.member_id=h1_0.member_id 
    where
        m1_0.member_id=?
Hibernate: 
    select
        h1_0.history_id,
        h1_0.created_at,
        h1_0.deduct_point_no,
        h1_0.history_date,
        m1_0.member_id,
        m1_0.member_name,
        m1_0.reward_points,
        h1_0.points,
        h1_0.type,
        h1_0.updated_at 
    from
        histories h1_0 
    left join
        members m1_0 
            on m1_0.member_id=h1_0.member_id 
    where
        h1_0.history_id=?
Hibernate: 
    insert 
    into
        histories
        (created_at,deduct_point_no,history_date,member_id,points,type,updated_at) 
    values
        (?,?,?,?,?,?,?)

MockHttpServletRequest:
      HTTP Method = POST
      Request URI = /api/v1/1/accrue
       Parameters = {point=[1000]}
          Headers = [Content-Type:"application/json", X-MEMBER-ID:"12345", Content-Length:"15"]
             Body = <no character encoding set>
    Session Attrs = {}

Handler:
             Type = com.marketboro.Premission.controller.MemberController
           Method = com.marketboro.Premission.controller.MemberController#accruePoints(String, Long, int)

Async:
    Async started = false
     Async result = null

Resolved Exception:
             Type = null

ModelAndView:
        View name = null
             View = null
            Model = null

FlashMap:
       Attributes = null

MockHttpServletResponse:
           Status = 200
    Error message = null
          Headers = [Content-Type:"application/json"]
     Content type = application/json
             Body = {"code":"0000","message":"Success"}
    Forwarded URL = null
   Redirected URL = null
          Cookies = []
Hibernate: 
    select
        m1_0.member_id,
        m1_0.member_name,
        m1_0.reward_points 
    from
        members m1_0 
    where
        m1_0.member_id=?
Sent message to accrueQueue: 1123451000
Hibernate: 
    update
        members 
    set
        member_name=?,
        reward_points=? 
    where
        member_id=?
Received message from accrueQueue: 1123451000
Hibernate: 
    select
        m1_0.member_id,
        m1_0.member_name,
        m1_0.reward_points 
    from
        members m1_0 
    where
        m1_0.member_id=?
]]></system-out>
  <system-err><![CDATA[]]></system-err>
</testsuite>
