<?xml version="1.0" encoding="UTF-8"?>
<testsuite name="com.marketboro.Premission.application.PremissionApplicationTests" tests="1" skipped="0" failures="0" errors="0" timestamp="2023-09-21T11:59:02" hostname="bag-yunchan-ui-MacBookAir.local" time="0.001">
  <properties/>
  <testcase name="contextLoads()" classname="com.marketboro.Premission.application.PremissionApplicationTests" time="0.001"/>
  <system-out><![CDATA[2023-09-21T20:59:01.481+09:00  INFO 98533 --- [    Test worker] t.c.s.AnnotationConfigContextLoaderUtils : Could not detect default configuration classes for test class [com.marketboro.Premission.application.PremissionApplicationTests]: PremissionApplicationTests does not declare any static, non-private, non-final, nested classes annotated with @Configuration.
2023-09-21T20:59:01.485+09:00  INFO 98533 --- [    Test worker] .b.t.c.SpringBootTestContextBootstrapper : Found @SpringBootConfiguration com.marketboro.Premission.PremissionApplication for test class com.marketboro.Premission.application.PremissionApplicationTests

  .   ____          _            __ _ _
 /\\ / ___'_ __ _ _(_)_ __  __ _ \ \ \ \
( ( )\___ | '_ | '_| | '_ \/ _` | \ \ \ \
 \\/  ___)| |_)| | | | | || (_| |  ) ) ) )
  '  |____| .__|_| |_|_| |_\__, | / / / /
 =========|_|==============|___/=/_/_/_/
 :: Spring Boot ::                (v3.1.3)

2023-09-21T20:59:01.499+09:00  INFO 98533 --- [    Test worker] c.m.P.a.PremissionApplicationTests       : Starting PremissionApplicationTests using Java 19.0.2 with PID 98533 (started by bag-yunchan in /Users/bag-yunchan/Desktop/marketboro/marketboro-mission)
2023-09-21T20:59:01.499+09:00  INFO 98533 --- [    Test worker] c.m.P.a.PremissionApplicationTests       : No active profile set, falling back to 1 default profile: "default"
2023-09-21T20:59:01.562+09:00  INFO 98533 --- [    Test worker] .s.d.r.c.RepositoryConfigurationDelegate : Bootstrapping Spring Data JPA repositories in DEFAULT mode.
2023-09-21T20:59:01.569+09:00  INFO 98533 --- [    Test worker] .s.d.r.c.RepositoryConfigurationDelegate : Finished Spring Data repository scanning in 6 ms. Found 2 JPA repository interfaces.
2023-09-21T20:59:01.605+09:00  INFO 98533 --- [    Test worker] o.hibernate.jpa.internal.util.LogHelper  : HHH000204: Processing PersistenceUnitInfo [name: default]
2023-09-21T20:59:01.607+09:00  INFO 98533 --- [    Test worker] o.h.b.i.BytecodeProviderInitiator        : HHH000021: Bytecode provider name : bytebuddy
2023-09-21T20:59:01.607+09:00  INFO 98533 --- [    Test worker] o.s.o.j.p.SpringPersistenceUnitInfo      : No LoadTimeWeaver setup: ignoring JPA class transformer
2023-09-21T20:59:01.607+09:00  INFO 98533 --- [    Test worker] com.zaxxer.hikari.HikariDataSource       : HikariPool-3 - Starting...
2023-09-21T20:59:01.705+09:00  INFO 98533 --- [    Test worker] com.zaxxer.hikari.pool.HikariPool        : HikariPool-3 - Added connection com.mysql.cj.jdbc.ConnectionImpl@13987842
2023-09-21T20:59:01.705+09:00  INFO 98533 --- [    Test worker] com.zaxxer.hikari.HikariDataSource       : HikariPool-3 - Start completed.
2023-09-21T20:59:01.719+09:00  INFO 98533 --- [    Test worker] o.h.b.i.BytecodeProviderInitiator        : HHH000021: Bytecode provider name : bytebuddy
2023-09-21T20:59:01.742+09:00  INFO 98533 --- [    Test worker] o.h.e.t.j.p.i.JtaPlatformInitiator       : HHH000490: Using JtaPlatform implementation: [org.hibernate.engine.transaction.jta.platform.internal.NoJtaPlatform]
Hibernate: 
    alter table histories 
       modify column created_at  TIMESTAMP null
Hibernate: 
    alter table histories 
       modify column history_date  datetime(6)
Hibernate: 
    alter table histories 
       modify column updated_at  TIMESTAMP null
2023-09-21T20:59:01.885+09:00  INFO 98533 --- [    Test worker] j.LocalContainerEntityManagerFactoryBean : Initialized JPA EntityManagerFactory for persistence unit 'default'
2023-09-21T20:59:01.949+09:00  WARN 98533 --- [    Test worker] JpaBaseConfiguration$JpaWebConfiguration : spring.jpa.open-in-view is enabled by default. Therefore, database queries may be performed during view rendering. Explicitly configure spring.jpa.open-in-view to disable this warning
2023-09-21T20:59:01.967+09:00  INFO 98533 --- [    Test worker] o.s.b.a.w.s.WelcomePageHandlerMapping    : Adding welcome page: class path resource [static/index.html]
2023-09-21T20:59:01.991+09:00  INFO 98533 --- [    Test worker] o.s.a.r.c.CachingConnectionFactory       : Attempting to connect to: [13.125.227.54:5672]
2023-09-21T20:59:02.029+09:00  INFO 98533 --- [    Test worker] o.s.a.r.c.CachingConnectionFactory       : Created new connection: rabbitConnectionFactory#19273390:0/SimpleConnection@2e07ae6c [delegate=amqp://guest@13.125.227.54:5672/, localPort=62352]
2023-09-21T20:59:02.135+09:00  INFO 98533 --- [    Test worker] c.m.P.a.PremissionApplicationTests       : Started PremissionApplicationTests in 0.645 seconds (process running for 9.209)
]]></system-out>
  <system-err><![CDATA[]]></system-err>
</testsuite>
