<?xml version="1.0" encoding="UTF-8"?>
<testsuite name="API 컨트롤러 예외 처리 테스트" tests="8" skipped="0" failures="0" errors="0" timestamp="2023-09-21T11:58:59" hostname="bag-yunchan-ui-MacBookAir.local" time="1.307">
  <properties/>
  <testcase name="[API][POST] 회원별 적립금 적립 - 회원 식별값이 헤더에 없음" classname="com.marketboro.Premission.apicontroller.ApiExceptionTest" time="0.741"/>
  <testcase name="[API][GET] 회원별 적립금/사용 내역 조회[페이징] - 다음 페이지 조회" classname="com.marketboro.Premission.apicontroller.ApiExceptionTest" time="0.207"/>
  <testcase name="[API][GET] 회원별 적립금/사용 내역 조회[페이징] - 회원 식별값이 헤더에 없음" classname="com.marketboro.Premission.apicontroller.ApiExceptionTest" time="0.057"/>
  <testcase name="[API][POST] 회원별 적립금 사용 - 포인트가 음수" classname="com.marketboro.Premission.apicontroller.ApiExceptionTest" time="0.058"/>
  <testcase name="[API][POST] 회원별 적립금 사용 - 보유 포인트 부족" classname="com.marketboro.Premission.apicontroller.ApiExceptionTest" time="0.056"/>
  <testcase name="[API][POST] 회원별 적립금 적립 - 포인트가 음수" classname="com.marketboro.Premission.apicontroller.ApiExceptionTest" time="0.057"/>
  <testcase name="[API][POST] 회원별 적립금 사용 취소 - 포인트가 음수" classname="com.marketboro.Premission.apicontroller.ApiExceptionTest" time="0.06"/>
  <testcase name="[API][GET] 회원별 적립금 합계 조회 - 회원 식별값이 헤더에 없음" classname="com.marketboro.Premission.apicontroller.ApiExceptionTest" time="0.058"/>
  <system-out><![CDATA[2023-09-21T20:58:58.943+09:00  INFO 98533 --- [    Test worker] t.c.s.AnnotationConfigContextLoaderUtils : Could not detect default configuration classes for test class [com.marketboro.Premission.apicontroller.ApiExceptionTest]: ApiExceptionTest does not declare any static, non-private, non-final, nested classes annotated with @Configuration.
2023-09-21T20:58:58.951+09:00  INFO 98533 --- [    Test worker] .b.t.c.SpringBootTestContextBootstrapper : Found @SpringBootConfiguration com.marketboro.Premission.PremissionApplication for test class com.marketboro.Premission.apicontroller.ApiExceptionTest

  .   ____          _            __ _ _
 /\\ / ___'_ __ _ _(_)_ __  __ _ \ \ \ \
( ( )\___ | '_ | '_| | '_ \/ _` | \ \ \ \
 \\/  ___)| |_)| | | | | || (_| |  ) ) ) )
  '  |____| .__|_| |_|_| |_\__, | / / / /
 =========|_|==============|___/=/_/_/_/
 :: Spring Boot ::                (v3.1.3)

2023-09-21T20:58:58.993+09:00  INFO 98533 --- [    Test worker] c.m.P.apicontroller.ApiExceptionTest     : Starting ApiExceptionTest using Java 19.0.2 with PID 98533 (started by bag-yunchan in /Users/bag-yunchan/Desktop/marketboro/marketboro-mission)
2023-09-21T20:58:58.993+09:00  INFO 98533 --- [    Test worker] c.m.P.apicontroller.ApiExceptionTest     : No active profile set, falling back to 1 default profile: "default"
2023-09-21T20:58:59.188+09:00  INFO 98533 --- [    Test worker] .s.d.r.c.RepositoryConfigurationDelegate : Bootstrapping Spring Data JPA repositories in DEFAULT mode.
2023-09-21T20:58:59.202+09:00  INFO 98533 --- [    Test worker] .s.d.r.c.RepositoryConfigurationDelegate : Finished Spring Data repository scanning in 13 ms. Found 2 JPA repository interfaces.
2023-09-21T20:58:59.277+09:00  INFO 98533 --- [    Test worker] o.s.b.w.embedded.tomcat.TomcatWebServer  : Tomcat initialized with port(s): 0 (http)
2023-09-21T20:58:59.278+09:00  INFO 98533 --- [    Test worker] o.apache.catalina.core.StandardService   : Starting service [Tomcat]
2023-09-21T20:58:59.278+09:00  INFO 98533 --- [    Test worker] o.apache.catalina.core.StandardEngine    : Starting Servlet engine: [Apache Tomcat/10.1.12]
2023-09-21T20:58:59.295+09:00  INFO 98533 --- [    Test worker] o.a.c.c.C.[Tomcat-1].[localhost].[/]     : Initializing Spring embedded WebApplicationContext
2023-09-21T20:58:59.295+09:00  INFO 98533 --- [    Test worker] w.s.c.ServletWebServerApplicationContext : Root WebApplicationContext: initialization completed in 298 ms
2023-09-21T20:58:59.332+09:00  INFO 98533 --- [    Test worker] o.hibernate.jpa.internal.util.LogHelper  : HHH000204: Processing PersistenceUnitInfo [name: default]
2023-09-21T20:58:59.335+09:00  INFO 98533 --- [    Test worker] o.h.b.i.BytecodeProviderInitiator        : HHH000021: Bytecode provider name : bytebuddy
2023-09-21T20:58:59.336+09:00  INFO 98533 --- [    Test worker] o.s.o.j.p.SpringPersistenceUnitInfo      : No LoadTimeWeaver setup: ignoring JPA class transformer
2023-09-21T20:58:59.336+09:00  INFO 98533 --- [    Test worker] com.zaxxer.hikari.HikariDataSource       : HikariPool-2 - Starting...
2023-09-21T20:58:59.439+09:00  INFO 98533 --- [    Test worker] com.zaxxer.hikari.pool.HikariPool        : HikariPool-2 - Added connection com.mysql.cj.jdbc.ConnectionImpl@3940c41c
2023-09-21T20:58:59.439+09:00  INFO 98533 --- [    Test worker] com.zaxxer.hikari.HikariDataSource       : HikariPool-2 - Start completed.
2023-09-21T20:58:59.455+09:00  INFO 98533 --- [    Test worker] o.h.b.i.BytecodeProviderInitiator        : HHH000021: Bytecode provider name : bytebuddy
2023-09-21T20:58:59.485+09:00  INFO 98533 --- [    Test worker] o.h.e.t.j.p.i.JtaPlatformInitiator       : HHH000490: Using JtaPlatform implementation: [org.hibernate.engine.transaction.jta.platform.internal.NoJtaPlatform]
Hibernate: 
    alter table histories 
       modify column created_at  TIMESTAMP null
Hibernate: 
    alter table histories 
       modify column history_date  datetime(6)
Hibernate: 
    alter table histories 
       modify column updated_at  TIMESTAMP null
2023-09-21T20:58:59.641+09:00  INFO 98533 --- [    Test worker] j.LocalContainerEntityManagerFactoryBean : Initialized JPA EntityManagerFactory for persistence unit 'default'
2023-09-21T20:58:59.718+09:00  WARN 98533 --- [    Test worker] JpaBaseConfiguration$JpaWebConfiguration : spring.jpa.open-in-view is enabled by default. Therefore, database queries may be performed during view rendering. Explicitly configure spring.jpa.open-in-view to disable this warning
2023-09-21T20:58:59.744+09:00  INFO 98533 --- [    Test worker] o.s.b.a.w.s.WelcomePageHandlerMapping    : Adding welcome page: class path resource [static/index.html]
2023-09-21T20:58:59.781+09:00  INFO 98533 --- [    Test worker] o.a.c.c.C.[Tomcat-1].[localhost].[/]     : Initializing Spring TestDispatcherServlet ''
2023-09-21T20:58:59.781+09:00  INFO 98533 --- [    Test worker] o.s.t.web.servlet.TestDispatcherServlet  : Initializing Servlet ''
2023-09-21T20:58:59.782+09:00  INFO 98533 --- [    Test worker] o.s.t.web.servlet.TestDispatcherServlet  : Completed initialization in 1 ms
2023-09-21T20:58:59.791+09:00  INFO 98533 --- [    Test worker] o.s.b.w.embedded.tomcat.TomcatWebServer  : Tomcat started on port(s): 62340 (http) with context path ''
2023-09-21T20:58:59.791+09:00  INFO 98533 --- [    Test worker] o.s.a.r.c.CachingConnectionFactory       : Attempting to connect to: [13.125.227.54:5672]
2023-09-21T20:58:59.827+09:00  INFO 98533 --- [    Test worker] o.s.a.r.c.CachingConnectionFactory       : Created new connection: rabbitConnectionFactory#153f6a67:0/SimpleConnection@4f168322 [delegate=amqp://guest@13.125.227.54:5672/, localPort=62341]
2023-09-21T20:58:59.931+09:00  INFO 98533 --- [    Test worker] c.m.P.apicontroller.ApiExceptionTest     : Started ApiExceptionTest in 0.97 seconds (process running for 7.006)
2023-09-21T20:58:59.957+09:00  INFO 98533 --- [    Test worker] o.a.c.c.C.[Tomcat-1].[localhost].[/]     : Initializing Spring TestDispatcherServlet ''
2023-09-21T20:58:59.957+09:00  INFO 98533 --- [    Test worker] o.s.t.web.servlet.TestDispatcherServlet  : Initializing Servlet ''
2023-09-21T20:58:59.957+09:00  INFO 98533 --- [    Test worker] o.s.t.web.servlet.TestDispatcherServlet  : Completed initialization in 0 ms
Hibernate: 
    select
        m1_0.member_id,
        m1_0.member_name,
        m1_0.reward_points,
        h1_0.member_id,
        h1_0.history_id,
        h1_0.created_at,
        h1_0.deduct_point_no,
        h1_0.history_date,
        h1_0.points,
        h1_0.type,
        h1_0.updated_at 
    from
        members m1_0 
    left join
        histories h1_0 
            on m1_0.member_id=h1_0.member_id 
    where
        m1_0.member_id=?
Hibernate: 
    select
        h1_0.history_id,
        h1_0.created_at,
        h1_0.deduct_point_no,
        h1_0.history_date,
        m1_0.member_id,
        m1_0.member_name,
        m1_0.reward_points,
        h1_0.points,
        h1_0.type,
        h1_0.updated_at 
    from
        histories h1_0 
    left join
        members m1_0 
            on m1_0.member_id=h1_0.member_id 
    where
        h1_0.history_id=?
Hibernate: 
    insert 
    into
        histories
        (created_at,deduct_point_no,history_date,member_id,points,type,updated_at) 
    values
        (?,?,?,?,?,?,?)
2023-09-21T20:59:00.620+09:00  WARN 98533 --- [    Test worker] .w.s.m.s.DefaultHandlerExceptionResolver : Resolved [org.springframework.web.bind.MissingRequestHeaderException: Required request header 'X-MEMBER-ID' for method parameter type String is not present]

MockHttpServletRequest:
      HTTP Method = POST
      Request URI = /api/v1/1/accrue
       Parameters = {}
          Headers = []
             Body = <no character encoding set>
    Session Attrs = {}

Handler:
             Type = com.marketboro.Premission.controller.MemberController
           Method = com.marketboro.Premission.controller.MemberController#accruePoints(String, Long, int)

Async:
    Async started = false
     Async result = null

Resolved Exception:
             Type = org.springframework.web.bind.MissingRequestHeaderException

ModelAndView:
        View name = null
             View = null
            Model = null

FlashMap:
       Attributes = null

MockHttpServletResponse:
           Status = 400
    Error message = Required header 'X-MEMBER-ID' is not present.
          Headers = []
     Content type = null
             Body = 
    Forwarded URL = null
   Redirected URL = null
          Cookies = []
2023-09-21T20:59:00.702+09:00  INFO 98533 --- [    Test worker] o.a.c.c.C.[Tomcat-1].[localhost].[/]     : Initializing Spring TestDispatcherServlet ''
2023-09-21T20:59:00.702+09:00  INFO 98533 --- [    Test worker] o.s.t.web.servlet.TestDispatcherServlet  : Initializing Servlet ''
2023-09-21T20:59:00.703+09:00  INFO 98533 --- [    Test worker] o.s.t.web.servlet.TestDispatcherServlet  : Completed initialization in 1 ms
Hibernate: 
    select
        m1_0.member_id,
        m1_0.member_name,
        m1_0.reward_points,
        h1_0.member_id,
        h1_0.history_id,
        h1_0.created_at,
        h1_0.deduct_point_no,
        h1_0.history_date,
        h1_0.points,
        h1_0.type,
        h1_0.updated_at 
    from
        members m1_0 
    left join
        histories h1_0 
            on m1_0.member_id=h1_0.member_id 
    where
        m1_0.member_id=?
Hibernate: 
    select
        h1_0.history_id,
        h1_0.created_at,
        h1_0.deduct_point_no,
        h1_0.history_date,
        m1_0.member_id,
        m1_0.member_name,
        m1_0.reward_points,
        h1_0.points,
        h1_0.type,
        h1_0.updated_at 
    from
        histories h1_0 
    left join
        members m1_0 
            on m1_0.member_id=h1_0.member_id 
    where
        h1_0.history_id=?
Hibernate: 
    insert 
    into
        histories
        (created_at,deduct_point_no,history_date,member_id,points,type,updated_at) 
    values
        (?,?,?,?,?,?,?)
Hibernate: 
    update
        members 
    set
        member_name=?,
        reward_points=? 
    where
        member_id=?
Hibernate: 
    select
        m1_0.member_id,
        m1_0.member_name,
        m1_0.reward_points 
    from
        members m1_0 
    where
        m1_0.member_id=?
Hibernate: 
    select
        h1_0.history_id,
        h1_0.created_at,
        h1_0.deduct_point_no,
        h1_0.history_date,
        h1_0.member_id,
        h1_0.points,
        h1_0.type,
        h1_0.updated_at 
    from
        histories h1_0 
    where
        h1_0.member_id=? 
    order by
        h1_0.history_date desc limit ?,
        ?

MockHttpServletRequest:
      HTTP Method = GET
      Request URI = /api/v1/1/point-history
       Parameters = {page=[0], size=[10]}
          Headers = [X-MEMBER-ID:"12345"]
             Body = <no character encoding set>
    Session Attrs = {}

Handler:
             Type = com.marketboro.Premission.controller.MemberController
           Method = com.marketboro.Premission.controller.MemberController#getPagedPointHistoryByMemberId(String, Long, Pageable)

Async:
    Async started = false
     Async result = null

Resolved Exception:
             Type = null

ModelAndView:
        View name = null
             View = null
            Model = null

FlashMap:
       Attributes = null

MockHttpServletResponse:
           Status = 200
    Error message = null
          Headers = [Content-Type:"application/json"]
     Content type = application/json
             Body = {"code":"0000","message":"Success","data":{"history":[{"historyId":33,"points":1000,"type":"적립","createdAt":"2023-09-21T20:59:00.744078","updatedAt":"2023-09-21T20:59:00.744087"}]}}
    Forwarded URL = null
   Redirected URL = null
          Cookies = []
Hibernate: 
    select
        m1_0.member_id,
        m1_0.member_name,
        m1_0.reward_points 
    from
        members m1_0 
    where
        m1_0.member_id=?
Hibernate: 
    select
        h1_0.history_id,
        h1_0.created_at,
        h1_0.deduct_point_no,
        h1_0.history_date,
        h1_0.member_id,
        h1_0.points,
        h1_0.type,
        h1_0.updated_at 
    from
        histories h1_0 
    where
        h1_0.member_id=? 
    order by
        h1_0.history_date desc limit ?,
        ?

MockHttpServletRequest:
      HTTP Method = GET
      Request URI = /api/v1/1/point-history
       Parameters = {page=[], size=[10]}
          Headers = [X-MEMBER-ID:"12345"]
             Body = <no character encoding set>
    Session Attrs = {}

Handler:
             Type = com.marketboro.Premission.controller.MemberController
           Method = com.marketboro.Premission.controller.MemberController#getPagedPointHistoryByMemberId(String, Long, Pageable)

Async:
    Async started = false
     Async result = null

Resolved Exception:
             Type = null

ModelAndView:
        View name = null
             View = null
            Model = null

FlashMap:
       Attributes = null

MockHttpServletResponse:
           Status = 200
    Error message = null
          Headers = [Content-Type:"application/json"]
     Content type = application/json
             Body = {"code":"0000","message":"Success","data":{"history":[{"historyId":33,"points":1000,"type":"적립","createdAt":"2023-09-21T20:59:00.744078","updatedAt":"2023-09-21T20:59:00.744087"}]}}
    Forwarded URL = null
   Redirected URL = null
          Cookies = []
2023-09-21T20:59:00.896+09:00  INFO 98533 --- [    Test worker] o.a.c.c.C.[Tomcat-1].[localhost].[/]     : Initializing Spring TestDispatcherServlet ''
2023-09-21T20:59:00.896+09:00  INFO 98533 --- [    Test worker] o.s.t.web.servlet.TestDispatcherServlet  : Initializing Servlet ''
2023-09-21T20:59:00.896+09:00  INFO 98533 --- [    Test worker] o.s.t.web.servlet.TestDispatcherServlet  : Completed initialization in 0 ms
Hibernate: 
    select
        m1_0.member_id,
        m1_0.member_name,
        m1_0.reward_points,
        h1_0.member_id,
        h1_0.history_id,
        h1_0.created_at,
        h1_0.deduct_point_no,
        h1_0.history_date,
        h1_0.points,
        h1_0.type,
        h1_0.updated_at 
    from
        members m1_0 
    left join
        histories h1_0 
            on m1_0.member_id=h1_0.member_id 
    where
        m1_0.member_id=?
Hibernate: 
    select
        h1_0.history_id,
        h1_0.created_at,
        h1_0.deduct_point_no,
        h1_0.history_date,
        m1_0.member_id,
        m1_0.member_name,
        m1_0.reward_points,
        h1_0.points,
        h1_0.type,
        h1_0.updated_at 
    from
        histories h1_0 
    left join
        members m1_0 
            on m1_0.member_id=h1_0.member_id 
    where
        h1_0.history_id=?
Hibernate: 
    insert 
    into
        histories
        (created_at,deduct_point_no,history_date,member_id,points,type,updated_at) 
    values
        (?,?,?,?,?,?,?)
2023-09-21T20:59:00.923+09:00  WARN 98533 --- [    Test worker] .w.s.m.s.DefaultHandlerExceptionResolver : Resolved [org.springframework.web.bind.MissingRequestHeaderException: Required request header 'X-MEMBER-ID' for method parameter type String is not present]

MockHttpServletRequest:
      HTTP Method = GET
      Request URI = /api/v1/-1/point-history
       Parameters = {}
          Headers = []
             Body = <no character encoding set>
    Session Attrs = {}

Handler:
             Type = com.marketboro.Premission.controller.MemberController
           Method = com.marketboro.Premission.controller.MemberController#getPagedPointHistoryByMemberId(String, Long, Pageable)

Async:
    Async started = false
     Async result = null

Resolved Exception:
             Type = org.springframework.web.bind.MissingRequestHeaderException

ModelAndView:
        View name = null
             View = null
            Model = null

FlashMap:
       Attributes = null

MockHttpServletResponse:
           Status = 400
    Error message = Required header 'X-MEMBER-ID' is not present.
          Headers = []
     Content type = null
             Body = 
    Forwarded URL = null
   Redirected URL = null
          Cookies = []
2023-09-21T20:59:00.955+09:00  INFO 98533 --- [    Test worker] o.a.c.c.C.[Tomcat-1].[localhost].[/]     : Initializing Spring TestDispatcherServlet ''
2023-09-21T20:59:00.955+09:00  INFO 98533 --- [    Test worker] o.s.t.web.servlet.TestDispatcherServlet  : Initializing Servlet ''
2023-09-21T20:59:00.955+09:00  INFO 98533 --- [    Test worker] o.s.t.web.servlet.TestDispatcherServlet  : Completed initialization in 0 ms
Hibernate: 
    select
        m1_0.member_id,
        m1_0.member_name,
        m1_0.reward_points,
        h1_0.member_id,
        h1_0.history_id,
        h1_0.created_at,
        h1_0.deduct_point_no,
        h1_0.history_date,
        h1_0.points,
        h1_0.type,
        h1_0.updated_at 
    from
        members m1_0 
    left join
        histories h1_0 
            on m1_0.member_id=h1_0.member_id 
    where
        m1_0.member_id=?
Hibernate: 
    select
        h1_0.history_id,
        h1_0.created_at,
        h1_0.deduct_point_no,
        h1_0.history_date,
        m1_0.member_id,
        m1_0.member_name,
        m1_0.reward_points,
        h1_0.points,
        h1_0.type,
        h1_0.updated_at 
    from
        histories h1_0 
    left join
        members m1_0 
            on m1_0.member_id=h1_0.member_id 
    where
        h1_0.history_id=?
Hibernate: 
    insert 
    into
        histories
        (created_at,deduct_point_no,history_date,member_id,points,type,updated_at) 
    values
        (?,?,?,?,?,?,?)
2023-09-21T20:59:00.980+09:00  WARN 98533 --- [    Test worker] .w.s.m.s.DefaultHandlerExceptionResolver : Resolved [org.springframework.web.bind.MissingServletRequestParameterException: Required request parameter 'pointsToUse' for method parameter type int is not present]

MockHttpServletRequest:
      HTTP Method = POST
      Request URI = /api/v1/1/use
       Parameters = {}
          Headers = [Content-Type:"application/json", X-MEMBER-ID:"12345", Content-Length:"13"]
             Body = <no character encoding set>
    Session Attrs = {}

Handler:
             Type = com.marketboro.Premission.controller.MemberController
           Method = com.marketboro.Premission.controller.MemberController#usePoints(String, Long, int)

Async:
    Async started = false
     Async result = null

Resolved Exception:
             Type = org.springframework.web.bind.MissingServletRequestParameterException

ModelAndView:
        View name = null
             View = null
            Model = null

FlashMap:
       Attributes = null

MockHttpServletResponse:
           Status = 400
    Error message = Required parameter 'pointsToUse' is not present.
          Headers = []
     Content type = null
             Body = 
    Forwarded URL = null
   Redirected URL = null
          Cookies = []
2023-09-21T20:59:01.014+09:00  INFO 98533 --- [    Test worker] o.a.c.c.C.[Tomcat-1].[localhost].[/]     : Initializing Spring TestDispatcherServlet ''
2023-09-21T20:59:01.014+09:00  INFO 98533 --- [    Test worker] o.s.t.web.servlet.TestDispatcherServlet  : Initializing Servlet ''
2023-09-21T20:59:01.015+09:00  INFO 98533 --- [    Test worker] o.s.t.web.servlet.TestDispatcherServlet  : Completed initialization in 1 ms
Hibernate: 
    select
        m1_0.member_id,
        m1_0.member_name,
        m1_0.reward_points,
        h1_0.member_id,
        h1_0.history_id,
        h1_0.created_at,
        h1_0.deduct_point_no,
        h1_0.history_date,
        h1_0.points,
        h1_0.type,
        h1_0.updated_at 
    from
        members m1_0 
    left join
        histories h1_0 
            on m1_0.member_id=h1_0.member_id 
    where
        m1_0.member_id=?
Hibernate: 
    select
        h1_0.history_id,
        h1_0.created_at,
        h1_0.deduct_point_no,
        h1_0.history_date,
        m1_0.member_id,
        m1_0.member_name,
        m1_0.reward_points,
        h1_0.points,
        h1_0.type,
        h1_0.updated_at 
    from
        histories h1_0 
    left join
        members m1_0 
            on m1_0.member_id=h1_0.member_id 
    where
        h1_0.history_id=?
Hibernate: 
    insert 
    into
        histories
        (created_at,deduct_point_no,history_date,member_id,points,type,updated_at) 
    values
        (?,?,?,?,?,?,?)
2023-09-21T20:59:01.039+09:00  WARN 98533 --- [    Test worker] .w.s.m.s.DefaultHandlerExceptionResolver : Resolved [org.springframework.web.bind.MissingServletRequestParameterException: Required request parameter 'pointsToUse' for method parameter type int is not present]

MockHttpServletRequest:
      HTTP Method = POST
      Request URI = /api/v1/1/use
       Parameters = {}
          Headers = [Content-Type:"application/json", X-MEMBER-ID:"12345", Content-Length:"14"]
             Body = <no character encoding set>
    Session Attrs = {}

Handler:
             Type = com.marketboro.Premission.controller.MemberController
           Method = com.marketboro.Premission.controller.MemberController#usePoints(String, Long, int)

Async:
    Async started = false
     Async result = null

Resolved Exception:
             Type = org.springframework.web.bind.MissingServletRequestParameterException

ModelAndView:
        View name = null
             View = null
            Model = null

FlashMap:
       Attributes = null

MockHttpServletResponse:
           Status = 400
    Error message = Required parameter 'pointsToUse' is not present.
          Headers = []
     Content type = null
             Body = 
    Forwarded URL = null
   Redirected URL = null
          Cookies = []
2023-09-21T20:59:01.072+09:00  INFO 98533 --- [    Test worker] o.a.c.c.C.[Tomcat-1].[localhost].[/]     : Initializing Spring TestDispatcherServlet ''
2023-09-21T20:59:01.072+09:00  INFO 98533 --- [    Test worker] o.s.t.web.servlet.TestDispatcherServlet  : Initializing Servlet ''
2023-09-21T20:59:01.072+09:00  INFO 98533 --- [    Test worker] o.s.t.web.servlet.TestDispatcherServlet  : Completed initialization in 0 ms
Hibernate: 
    select
        m1_0.member_id,
        m1_0.member_name,
        m1_0.reward_points,
        h1_0.member_id,
        h1_0.history_id,
        h1_0.created_at,
        h1_0.deduct_point_no,
        h1_0.history_date,
        h1_0.points,
        h1_0.type,
        h1_0.updated_at 
    from
        members m1_0 
    left join
        histories h1_0 
            on m1_0.member_id=h1_0.member_id 
    where
        m1_0.member_id=?
Hibernate: 
    select
        h1_0.history_id,
        h1_0.created_at,
        h1_0.deduct_point_no,
        h1_0.history_date,
        m1_0.member_id,
        m1_0.member_name,
        m1_0.reward_points,
        h1_0.points,
        h1_0.type,
        h1_0.updated_at 
    from
        histories h1_0 
    left join
        members m1_0 
            on m1_0.member_id=h1_0.member_id 
    where
        h1_0.history_id=?
Hibernate: 
    insert 
    into
        histories
        (created_at,deduct_point_no,history_date,member_id,points,type,updated_at) 
    values
        (?,?,?,?,?,?,?)
2023-09-21T20:59:01.099+09:00  WARN 98533 --- [    Test worker] .w.s.m.s.DefaultHandlerExceptionResolver : Resolved [org.springframework.web.bind.MissingServletRequestParameterException: Required request parameter 'point' for method parameter type int is not present]

MockHttpServletRequest:
      HTTP Method = POST
      Request URI = /api/v1/1/accrue
       Parameters = {}
          Headers = [Content-Type:"application/json", X-MEMBER-ID:"12345", Content-Length:"13"]
             Body = <no character encoding set>
    Session Attrs = {}

Handler:
             Type = com.marketboro.Premission.controller.MemberController
           Method = com.marketboro.Premission.controller.MemberController#accruePoints(String, Long, int)

Async:
    Async started = false
     Async result = null

Resolved Exception:
             Type = org.springframework.web.bind.MissingServletRequestParameterException

ModelAndView:
        View name = null
             View = null
            Model = null

FlashMap:
       Attributes = null

MockHttpServletResponse:
           Status = 400
    Error message = Required parameter 'point' is not present.
          Headers = []
     Content type = null
             Body = 
    Forwarded URL = null
   Redirected URL = null
          Cookies = []
2023-09-21T20:59:01.131+09:00  INFO 98533 --- [    Test worker] o.a.c.c.C.[Tomcat-1].[localhost].[/]     : Initializing Spring TestDispatcherServlet ''
2023-09-21T20:59:01.131+09:00  INFO 98533 --- [    Test worker] o.s.t.web.servlet.TestDispatcherServlet  : Initializing Servlet ''
2023-09-21T20:59:01.132+09:00  INFO 98533 --- [    Test worker] o.s.t.web.servlet.TestDispatcherServlet  : Completed initialization in 1 ms
Hibernate: 
    select
        m1_0.member_id,
        m1_0.member_name,
        m1_0.reward_points,
        h1_0.member_id,
        h1_0.history_id,
        h1_0.created_at,
        h1_0.deduct_point_no,
        h1_0.history_date,
        h1_0.points,
        h1_0.type,
        h1_0.updated_at 
    from
        members m1_0 
    left join
        histories h1_0 
            on m1_0.member_id=h1_0.member_id 
    where
        m1_0.member_id=?
Hibernate: 
    select
        h1_0.history_id,
        h1_0.created_at,
        h1_0.deduct_point_no,
        h1_0.history_date,
        m1_0.member_id,
        m1_0.member_name,
        m1_0.reward_points,
        h1_0.points,
        h1_0.type,
        h1_0.updated_at 
    from
        histories h1_0 
    left join
        members m1_0 
            on m1_0.member_id=h1_0.member_id 
    where
        h1_0.history_id=?
Hibernate: 
    insert 
    into
        histories
        (created_at,deduct_point_no,history_date,member_id,points,type,updated_at) 
    values
        (?,?,?,?,?,?,?)
2023-09-21T20:59:01.159+09:00  WARN 98533 --- [    Test worker] .w.s.m.s.DefaultHandlerExceptionResolver : Resolved [org.springframework.web.bind.MissingServletRequestParameterException: Required request parameter 'pointsToCancel' for method parameter type int is not present]

MockHttpServletRequest:
      HTTP Method = POST
      Request URI = /api/v1/1/cancel
       Parameters = {deductPointNo=[1]}
          Headers = [Content-Type:"application/json", X-MEMBER-ID:"12345", Content-Length:"15"]
             Body = <no character encoding set>
    Session Attrs = {}

Handler:
             Type = com.marketboro.Premission.controller.MemberController
           Method = com.marketboro.Premission.controller.MemberController#cancelPoints(String, Long, int, int)

Async:
    Async started = false
     Async result = null

Resolved Exception:
             Type = org.springframework.web.bind.MissingServletRequestParameterException

ModelAndView:
        View name = null
             View = null
            Model = null

FlashMap:
       Attributes = null

MockHttpServletResponse:
           Status = 400
    Error message = Required parameter 'pointsToCancel' is not present.
          Headers = []
     Content type = null
             Body = 
    Forwarded URL = null
   Redirected URL = null
          Cookies = []
2023-09-21T20:59:01.193+09:00  INFO 98533 --- [    Test worker] o.a.c.c.C.[Tomcat-1].[localhost].[/]     : Initializing Spring TestDispatcherServlet ''
2023-09-21T20:59:01.193+09:00  INFO 98533 --- [    Test worker] o.s.t.web.servlet.TestDispatcherServlet  : Initializing Servlet ''
2023-09-21T20:59:01.193+09:00  INFO 98533 --- [    Test worker] o.s.t.web.servlet.TestDispatcherServlet  : Completed initialization in 0 ms
Hibernate: 
    select
        m1_0.member_id,
        m1_0.member_name,
        m1_0.reward_points,
        h1_0.member_id,
        h1_0.history_id,
        h1_0.created_at,
        h1_0.deduct_point_no,
        h1_0.history_date,
        h1_0.points,
        h1_0.type,
        h1_0.updated_at 
    from
        members m1_0 
    left join
        histories h1_0 
            on m1_0.member_id=h1_0.member_id 
    where
        m1_0.member_id=?
Hibernate: 
    select
        h1_0.history_id,
        h1_0.created_at,
        h1_0.deduct_point_no,
        h1_0.history_date,
        m1_0.member_id,
        m1_0.member_name,
        m1_0.reward_points,
        h1_0.points,
        h1_0.type,
        h1_0.updated_at 
    from
        histories h1_0 
    left join
        members m1_0 
            on m1_0.member_id=h1_0.member_id 
    where
        h1_0.history_id=?
Hibernate: 
    insert 
    into
        histories
        (created_at,deduct_point_no,history_date,member_id,points,type,updated_at) 
    values
        (?,?,?,?,?,?,?)
2023-09-21T20:59:01.219+09:00  WARN 98533 --- [    Test worker] .w.s.m.s.DefaultHandlerExceptionResolver : Resolved [org.springframework.web.bind.MissingRequestHeaderException: Required request header 'X-MEMBER-ID' for method parameter type String is not present]

MockHttpServletRequest:
      HTTP Method = GET
      Request URI = /api/v1/123/points
       Parameters = {}
          Headers = []
             Body = <no character encoding set>
    Session Attrs = {}

Handler:
             Type = com.marketboro.Premission.controller.MemberController
           Method = com.marketboro.Premission.controller.MemberController#getPoints(String, Long)

Async:
    Async started = false
     Async result = null

Resolved Exception:
             Type = org.springframework.web.bind.MissingRequestHeaderException

ModelAndView:
        View name = null
             View = null
            Model = null

FlashMap:
       Attributes = null

MockHttpServletResponse:
           Status = 400
    Error message = Required header 'X-MEMBER-ID' is not present.
          Headers = []
     Content type = null
             Body = 
    Forwarded URL = null
   Redirected URL = null
          Cookies = []
]]></system-out>
  <system-err><![CDATA[]]></system-err>
</testsuite>
