<?xml version="1.0" encoding="UTF-8"?>
<testsuite name="com.marketboro.Premission.MemberServiceTest" tests="4" skipped="0" failures="0" errors="0" timestamp="2023-09-18T10:27:20" hostname="bag-yunchan-ui-MacBookAir.local" time="0.109">
  <properties/>
  <testcase name="testGetRewardPointsNonExistentMember()" classname="com.marketboro.Premission.MemberServiceTest" time="0.081"/>
  <testcase name="testGetRewardPointsEqual()" classname="com.marketboro.Premission.MemberServiceTest" time="0.007"/>
  <testcase name="testGetRewardPointsNotEqual()" classname="com.marketboro.Premission.MemberServiceTest" time="0.007"/>
  <testcase name="testExpirePoints()" classname="com.marketboro.Premission.MemberServiceTest" time="0.009"/>
  <system-out><![CDATA[
  .   ____          _            __ _ _
 /\\ / ___'_ __ _ _(_)_ __  __ _ \ \ \ \
( ( )\___ | '_ | '_| | '_ \/ _` | \ \ \ \
 \\/  ___)| |_)| | | | | || (_| |  ) ) ) )
  '  |____| .__|_| |_|_| |_\__, | / / / /
 =========|_|==============|___/=/_/_/_/
 :: Spring Boot ::                (v3.1.3)

2023-09-18T19:27:17.249+09:00  INFO 50955 --- [    Test worker] c.m.Premission.MemberServiceTest         : Starting MemberServiceTest using Java 19.0.2 with PID 50955 (started by bag-yunchan in /Users/bag-yunchan/Desktop/marketboro/marketboro-mission)
2023-09-18T19:27:17.250+09:00  INFO 50955 --- [    Test worker] c.m.Premission.MemberServiceTest         : No active profile set, falling back to 1 default profile: "default"
2023-09-18T19:27:17.644+09:00  INFO 50955 --- [    Test worker] .s.d.r.c.RepositoryConfigurationDelegate : Bootstrapping Spring Data JPA repositories in DEFAULT mode.
2023-09-18T19:27:17.675+09:00  INFO 50955 --- [    Test worker] .s.d.r.c.RepositoryConfigurationDelegate : Finished Spring Data repository scanning in 26 ms. Found 2 JPA repository interfaces.
2023-09-18T19:27:18.721+09:00  INFO 50955 --- [    Test worker] o.hibernate.jpa.internal.util.LogHelper  : HHH000204: Processing PersistenceUnitInfo [name: default]
2023-09-18T19:27:18.758+09:00  INFO 50955 --- [    Test worker] org.hibernate.Version                    : HHH000412: Hibernate ORM core version 6.2.7.Final
2023-09-18T19:27:18.759+09:00  INFO 50955 --- [    Test worker] org.hibernate.cfg.Environment            : HHH000406: Using bytecode reflection optimizer
2023-09-18T19:27:18.840+09:00  INFO 50955 --- [    Test worker] o.h.b.i.BytecodeProviderInitiator        : HHH000021: Bytecode provider name : bytebuddy
2023-09-18T19:27:18.845+09:00  INFO 50955 --- [    Test worker] o.s.o.j.p.SpringPersistenceUnitInfo      : No LoadTimeWeaver setup: ignoring JPA class transformer
2023-09-18T19:27:18.855+09:00  INFO 50955 --- [    Test worker] com.zaxxer.hikari.HikariDataSource       : HikariPool-1 - Starting...
2023-09-18T19:27:19.113+09:00  INFO 50955 --- [    Test worker] com.zaxxer.hikari.pool.HikariPool        : HikariPool-1 - Added connection com.mysql.cj.jdbc.ConnectionImpl@649009d6
2023-09-18T19:27:19.114+09:00  INFO 50955 --- [    Test worker] com.zaxxer.hikari.HikariDataSource       : HikariPool-1 - Start completed.
2023-09-18T19:27:19.293+09:00  INFO 50955 --- [    Test worker] o.h.b.i.BytecodeProviderInitiator        : HHH000021: Bytecode provider name : bytebuddy
2023-09-18T19:27:19.611+09:00  INFO 50955 --- [    Test worker] o.h.e.t.j.p.i.JtaPlatformInitiator       : HHH000490: Using JtaPlatform implementation: [org.hibernate.engine.transaction.jta.platform.internal.NoJtaPlatform]
Hibernate: 
    alter table histories 
       modify column history_date  datetime(6)
2023-09-18T19:27:19.704+09:00  INFO 50955 --- [    Test worker] j.LocalContainerEntityManagerFactoryBean : Initialized JPA EntityManagerFactory for persistence unit 'default'
2023-09-18T19:27:19.941+09:00  WARN 50955 --- [    Test worker] JpaBaseConfiguration$JpaWebConfiguration : spring.jpa.open-in-view is enabled by default. Therefore, database queries may be performed during view rendering. Explicitly configure spring.jpa.open-in-view to disable this warning
2023-09-18T19:27:20.216+09:00  INFO 50955 --- [    Test worker] o.s.a.r.c.CachingConnectionFactory       : Attempting to connect to: [localhost:5672]
2023-09-18T19:27:20.219+09:00  INFO 50955 --- [    Test worker] o.s.a.r.l.SimpleMessageListenerContainer : Broker not available; cannot force queue declarations during start: java.net.ConnectException: Connection refused
2023-09-18T19:27:20.223+09:00  INFO 50955 --- [ntContainer#0-1] o.s.a.r.c.CachingConnectionFactory       : Attempting to connect to: [localhost:5672]
2023-09-18T19:27:20.224+09:00  INFO 50955 --- [    Test worker] o.s.a.r.c.CachingConnectionFactory       : Attempting to connect to: [localhost:5672]
2023-09-18T19:27:20.224+09:00  INFO 50955 --- [    Test worker] o.s.a.r.l.SimpleMessageListenerContainer : Broker not available; cannot force queue declarations during start: java.net.ConnectException: Connection refused
2023-09-18T19:27:20.225+09:00  INFO 50955 --- [ntContainer#1-1] o.s.a.r.c.CachingConnectionFactory       : Attempting to connect to: [localhost:5672]
2023-09-18T19:27:20.226+09:00  INFO 50955 --- [    Test worker] o.s.a.r.c.CachingConnectionFactory       : Attempting to connect to: [localhost:5672]
2023-09-18T19:27:20.226+09:00  INFO 50955 --- [    Test worker] o.s.a.r.l.SimpleMessageListenerContainer : Broker not available; cannot force queue declarations during start: java.net.ConnectException: Connection refused
2023-09-18T19:27:20.227+09:00  INFO 50955 --- [ntContainer#2-1] o.s.a.r.c.CachingConnectionFactory       : Attempting to connect to: [localhost:5672]
2023-09-18T19:27:20.240+09:00  INFO 50955 --- [    Test worker] c.m.Premission.MemberServiceTest         : Started MemberServiceTest in 3.125 seconds (process running for 3.765)
]]></system-out>
  <system-err><![CDATA[]]></system-err>
</testsuite>
